build/app/intermediates/manifest_merge_blame_file/debug/manifest-merger-blame-debug-report.txt
1<?xml version="1.0" encoding="utf-8"?>
2<manifest xmlns:android="http://schemas.android.com/apk/res/android"
3    package="tz.co.afridocx.afridocx"
4    android:versionCode="27"
5    android:versionName="2.4.0" >
6
7    <uses-sdk
8        android:minSdkVersion="27"
9        android:targetSdkVersion="34" />
10    <!--
11         The INTERNET permission is required for development. Specifically,
12         the Flutter tool needs it to communicate with the running application
13         to allow setting breakpoints, to provide hot reload, etc.
14    -->
15    <uses-permission android:name="android.permission.INTERNET" />
15-->src\main\AndroidManifest.xml:4:5-66
15-->src\main\AndroidManifest.xml:4:22-64
16    <uses-permission android:name="android.permission.ACCESS_FINE_LOCATION" />
16-->src\main\AndroidManifest.xml:5:5-78
16-->src\main\AndroidManifest.xml:5:22-76
17    <uses-permission android:name="android.permission.ACCESS_COARSE_LOCATION" />
17-->src\main\AndroidManifest.xml:6:5-80
17-->src\main\AndroidManifest.xml:6:22-78
18    <uses-permission android:name="android.permission.ACCESS_NETWORK_STATE" />
18-->src\main\AndroidManifest.xml:7:5-78
18-->src\main\AndroidManifest.xml:7:22-76
19    <uses-permission android:name="android.permission.VIBRATE" />
19-->src\main\AndroidManifest.xml:8:5-65
19-->src\main\AndroidManifest.xml:8:22-63
20    <uses-permission android:name="android.permission.RECORD_AUDIO" />
20-->src\main\AndroidManifest.xml:9:5-70
20-->src\main\AndroidManifest.xml:9:22-68
21    <uses-permission android:name="android.permission.MODIFY_AUDIO_SETTINGS" />
21-->src\main\AndroidManifest.xml:10:5-79
21-->src\main\AndroidManifest.xml:10:22-77
22    <uses-permission android:name="android.permission.AUDIO_CAPTURE" />
22-->src\main\AndroidManifest.xml:11:5-71
22-->src\main\AndroidManifest.xml:11:22-69
23    <uses-permission android:name="android.permission.CAMERA" />
23-->src\main\AndroidManifest.xml:12:5-64
23-->src\main\AndroidManifest.xml:12:22-62
24    <uses-permission android:name="android.permission.WAKE_LOCK" /> <!-- Permissions options for the `notification` group -->
24-->[:firebase_messaging] AndroidManifest.xml:8:5-68
24-->[:firebase_messaging] AndroidManifest.xml:8:22-65
25    <uses-permission android:name="android.permission.POST_NOTIFICATIONS" />
25-->[:firebase_messaging] AndroidManifest.xml:11:5-77
25-->[:firebase_messaging] AndroidManifest.xml:11:22-74
26
27    <queries>
27-->[:map_launcher] AndroidManifest.xml:7:5-34:15
28        <package android:name="com.google.android.apps.maps" />
28-->[:map_launcher] AndroidManifest.xml:8:9-64
28-->[:map_launcher] AndroidManifest.xml:8:18-61
29        <package android:name="com.google.android.apps.mapslite" />
29-->[:map_launcher] AndroidManifest.xml:9:9-68
29-->[:map_launcher] AndroidManifest.xml:9:18-65
30        <package android:name="com.autonavi.minimap" />
30-->[:map_launcher] AndroidManifest.xml:10:9-56
30-->[:map_launcher] AndroidManifest.xml:10:18-53
31        <package android:name="com.baidu.BaiduMap" />
31-->[:map_launcher] AndroidManifest.xml:11:9-54
31-->[:map_launcher] AndroidManifest.xml:11:18-51
32        <package android:name="com.waze" />
32-->[:map_launcher] AndroidManifest.xml:12:9-44
32-->[:map_launcher] AndroidManifest.xml:12:18-41
33        <package android:name="ru.yandex.yandexnavi" />
33-->[:map_launcher] AndroidManifest.xml:13:9-56
33-->[:map_launcher] AndroidManifest.xml:13:18-53
34        <package android:name="ru.yandex.yandexmaps" />
34-->[:map_launcher] AndroidManifest.xml:14:9-56
34-->[:map_launcher] AndroidManifest.xml:14:18-53
35        <package android:name="com.citymapper.app.release" />
35-->[:map_launcher] AndroidManifest.xml:15:9-62
35-->[:map_launcher] AndroidManifest.xml:15:18-59
36        <package android:name="com.mapswithme.maps.pro" />
36-->[:map_launcher] AndroidManifest.xml:16:9-59
36-->[:map_launcher] AndroidManifest.xml:16:18-56
37        <package android:name="net.osmand" />
37-->[:map_launcher] AndroidManifest.xml:17:9-46
37-->[:map_launcher] AndroidManifest.xml:17:18-43
38        <package android:name="net.osmand.plus" />
38-->[:map_launcher] AndroidManifest.xml:18:9-51
38-->[:map_launcher] AndroidManifest.xml:18:18-48
39        <package android:name="ru.dublgis.dgismobile" />
39-->[:map_launcher] AndroidManifest.xml:19:9-57
39-->[:map_launcher] AndroidManifest.xml:19:18-54
40        <package android:name="com.tencent.map" />
40-->[:map_launcher] AndroidManifest.xml:20:9-51
40-->[:map_launcher] AndroidManifest.xml:20:18-48
41        <package android:name="com.here.app.maps" />
41-->[:map_launcher] AndroidManifest.xml:21:9-53
41-->[:map_launcher] AndroidManifest.xml:21:18-50
42        <package android:name="com.huawei.maps.app" />
42-->[:map_launcher] AndroidManifest.xml:22:9-55
42-->[:map_launcher] AndroidManifest.xml:22:18-52
43        <package android:name="com.alk.copilot.mapviewer" />
43-->[:map_launcher] AndroidManifest.xml:23:9-61
43-->[:map_launcher] AndroidManifest.xml:23:18-58
44        <package android:name="com.tomtom.gplay.navapp" />
44-->[:map_launcher] AndroidManifest.xml:24:9-59
44-->[:map_launcher] AndroidManifest.xml:24:18-56
45        <package android:name="com.tomtom.gplay.navapp.gofleet" />
45-->[:map_launcher] AndroidManifest.xml:25:9-67
45-->[:map_launcher] AndroidManifest.xml:25:18-64
46        <package android:name="com.sygic.truck" />
46-->[:map_launcher] AndroidManifest.xml:26:9-51
46-->[:map_launcher] AndroidManifest.xml:26:18-48
47        <package android:name="nl.flitsmeister" />
47-->[:map_launcher] AndroidManifest.xml:27:9-51
47-->[:map_launcher] AndroidManifest.xml:27:18-48
48        <package android:name="nl.flitsmeister.flux" />
48-->[:map_launcher] AndroidManifest.xml:28:9-56
48-->[:map_launcher] AndroidManifest.xml:28:18-53
49        <package android:name="com.nhn.android.nmap" />
49-->[:map_launcher] AndroidManifest.xml:29:9-56
49-->[:map_launcher] AndroidManifest.xml:29:18-53
50        <package android:name="net.daum.android.map" />
50-->[:map_launcher] AndroidManifest.xml:30:9-56
50-->[:map_launcher] AndroidManifest.xml:30:18-53
51        <package android:name="com.skt.tmap.ku" />
51-->[:map_launcher] AndroidManifest.xml:31:9-51
51-->[:map_launcher] AndroidManifest.xml:31:18-48
52        <package android:name="cz.seznam.mapy" />
52-->[:map_launcher] AndroidManifest.xml:32:9-50
52-->[:map_launcher] AndroidManifest.xml:32:18-47
53        <package android:name="com.mmi.maps" />
53-->[:map_launcher] AndroidManifest.xml:33:9-48
53-->[:map_launcher] AndroidManifest.xml:33:18-45
54    </queries>
55
56    <uses-feature
56-->[com.google.android.gms:play-services-maps:18.2.0] AndroidManifest.xml:26:5-28:35
57        android:glEsVersion="0x00020000"
57-->[com.google.android.gms:play-services-maps:18.2.0] AndroidManifest.xml:27:9-41
58        android:required="true" />
58-->[com.google.android.gms:play-services-maps:18.2.0] AndroidManifest.xml:28:9-32
59
60    <uses-permission android:name="android.permission.BLUETOOTH" />
60-->[org.jitsi.react:jitsi-meet-sdk:10.3.0] AndroidManifest.xml:9:5-68
60-->[org.jitsi.react:jitsi-meet-sdk:10.3.0] AndroidManifest.xml:9:22-65
61    <uses-permission android:name="android.permission.MANAGE_OWN_CALLS" />
61-->[org.jitsi.react:jitsi-meet-sdk:10.3.0] AndroidManifest.xml:12:5-75
61-->[org.jitsi.react:jitsi-meet-sdk:10.3.0] AndroidManifest.xml:12:22-72
62    <uses-permission android:name="android.permission.ACCESS_WIFI_STATE" />
62-->[org.jitsi.react:jitsi-meet-sdk:10.3.0] AndroidManifest.xml:16:5-76
62-->[org.jitsi.react:jitsi-meet-sdk:10.3.0] AndroidManifest.xml:16:22-73
63    <uses-permission android:name="android.permission.FOREGROUND_SERVICE" />
63-->[org.jitsi.react:jitsi-meet-sdk:10.3.0] AndroidManifest.xml:17:5-77
63-->[org.jitsi.react:jitsi-meet-sdk:10.3.0] AndroidManifest.xml:17:22-74
64    <uses-permission android:name="android.permission.FOREGROUND_SERVICE_MICROPHONE" />
64-->[org.jitsi.react:jitsi-meet-sdk:10.3.0] AndroidManifest.xml:18:5-88
64-->[org.jitsi.react:jitsi-meet-sdk:10.3.0] AndroidManifest.xml:18:22-85
65    <uses-permission android:name="android.permission.FOREGROUND_SERVICE_MEDIA_PLAYBACK" />
65-->[org.jitsi.react:jitsi-meet-sdk:10.3.0] AndroidManifest.xml:19:5-92
65-->[org.jitsi.react:jitsi-meet-sdk:10.3.0] AndroidManifest.xml:19:22-89
66    <uses-permission android:name="android.permission.FOREGROUND_SERVICE_MEDIA_PROJECTION" />
66-->[org.jitsi.react:jitsi-meet-sdk:10.3.0] AndroidManifest.xml:20:5-94
66-->[org.jitsi.react:jitsi-meet-sdk:10.3.0] AndroidManifest.xml:20:22-91
67
68    <uses-feature
68-->[org.jitsi.react:jitsi-meet-sdk:10.3.0] AndroidManifest.xml:26:5-28:36
69        android:name="android.hardware.camera"
69-->[org.jitsi.react:jitsi-meet-sdk:10.3.0] AndroidManifest.xml:27:9-47
70        android:required="false" />
70-->[org.jitsi.react:jitsi-meet-sdk:10.3.0] AndroidManifest.xml:28:9-33
71    <uses-feature
71-->[org.jitsi.react:jitsi-meet-sdk:10.3.0] AndroidManifest.xml:29:5-31:36
72        android:name="android.hardware.camera.autofocus"
72-->[org.jitsi.react:jitsi-meet-sdk:10.3.0] AndroidManifest.xml:30:9-57
73        android:required="false" /> <!-- Required by older versions of Google Play services to create IID tokens -->
73-->[org.jitsi.react:jitsi-meet-sdk:10.3.0] AndroidManifest.xml:31:9-33
74    <uses-permission android:name="com.google.android.c2dm.permission.RECEIVE" />
74-->[com.google.firebase:firebase-messaging:23.4.1] AndroidManifest.xml:26:5-82
74-->[com.google.firebase:firebase-messaging:23.4.1] AndroidManifest.xml:26:22-79
75    <uses-permission android:name="com.google.android.providers.gsf.permission.READ_GSERVICES" />
75-->[com.google.android.recaptcha:recaptcha:18.4.0] AndroidManifest.xml:9:5-98
75-->[com.google.android.recaptcha:recaptcha:18.4.0] AndroidManifest.xml:9:22-95
76    <uses-permission android:name="android.permission.WRITE_CALENDAR" />
76-->[com.facebook.react:react-native-calendar-events:2.2.0-jitsi-18565203] AndroidManifest.xml:7:5-73
76-->[com.facebook.react:react-native-calendar-events:2.2.0-jitsi-18565203] AndroidManifest.xml:7:22-70
77    <uses-permission android:name="android.permission.READ_CALENDAR" />
77-->[com.facebook.react:react-native-calendar-events:2.2.0-jitsi-18565203] AndroidManifest.xml:8:5-72
77-->[com.facebook.react:react-native-calendar-events:2.2.0-jitsi-18565203] AndroidManifest.xml:8:22-69
78    <!--
79    This manifest file is used only by Gradle to configure debug-only capabilities
80    for React Native Apps.
81    -->
82    <uses-permission android:name="android.permission.SYSTEM_ALERT_WINDOW" />
82-->[com.facebook.react:react-android:0.75.4] AndroidManifest.xml:16:5-78
82-->[com.facebook.react:react-android:0.75.4] AndroidManifest.xml:16:22-75
83
84    <permission
84-->[androidx.core:core:1.13.1] AndroidManifest.xml:22:5-24:47
85        android:name="tz.co.afridocx.afridocx.DYNAMIC_RECEIVER_NOT_EXPORTED_PERMISSION"
85-->[androidx.core:core:1.13.1] AndroidManifest.xml:23:9-81
86        android:protectionLevel="signature" />
86-->[androidx.core:core:1.13.1] AndroidManifest.xml:24:9-44
87
88    <uses-permission android:name="tz.co.afridocx.afridocx.DYNAMIC_RECEIVER_NOT_EXPORTED_PERMISSION" />
88-->[androidx.core:core:1.13.1] AndroidManifest.xml:26:5-97
88-->[androidx.core:core:1.13.1] AndroidManifest.xml:26:22-94
89    <uses-permission android:name="com.google.android.finsky.permission.BIND_GET_INSTALL_REFERRER_SERVICE" />
89-->[com.android.installreferrer:installreferrer:1.1.2] AndroidManifest.xml:9:5-110
89-->[com.android.installreferrer:installreferrer:1.1.2] AndroidManifest.xml:9:22-107
90    <!--
91 io.flutter.app.FlutterApplication is an android.app.Application that
92         calls FlutterMain.startInitialization(this); in its onCreate method.
93         In most cases you can leave this as-is, but you if you want to provide
94         additional functionality it is fine to subclass or reimplement
95         FlutterApplication and put your custom class here.
96    -->
97    <application
98        android:name="android.app.Application"
99        android:allowBackup="true"
99-->[org.jitsi.react:jitsi-meet-sdk:10.3.0] AndroidManifest.xml:34:9-35
100        android:appComponentFactory="androidx.core.app.CoreComponentFactory"
100-->[androidx.core:core:1.13.1] AndroidManifest.xml:28:18-86
101        android:debuggable="true"
102        android:extractNativeLibs="false"
103        android:icon="@mipmap/ic_launcher"
104        android:label="Doctors Appointments"
105        android:supportsRtl="true"
105-->[org.jitsi.react:jitsi-meet-sdk:10.3.0] AndroidManifest.xml:36:9-35
106        android:usesCleartextTraffic="true" >
107        <meta-data
108            android:name="com.google.android.geo.API_KEY"
109            android:value="09273a54-acef-4dbb-b02b-03c38362a929" />
110        <meta-data
111            android:name="com.google.firebase.messaging.default_notification_icon"
112            android:resource="@mipmap/ic_notification" />
113
114        <activity
115            android:name="tz.co.afridocx.afridocx.MainActivity"
116            android:configChanges="orientation|keyboardHidden|keyboard|screenSize|smallestScreenSize|locale|layoutDirection|fontScale|screenLayout|density|uiMode"
117            android:exported="true"
118            android:hardwareAccelerated="true"
119            android:launchMode="singleTop"
120            android:theme="@style/LaunchTheme"
121            android:windowSoftInputMode="adjustResize" >
122
123            <!--
124                 Specifies an Android theme to apply to this Activity as soon as
125                 the Android process has started. This theme is visible to the user
126                 while the Flutter UI initializes. After that, this theme continues
127                 to determine the Window background behind the Flutter UI.
128            -->
129            <meta-data
130                android:name="io.flutter.embedding.android.NormalTheme"
131                android:resource="@style/NormalTheme" />
132
133            <intent-filter>
134                <action android:name="android.intent.action.MAIN" />
135
136                <category android:name="android.intent.category.LAUNCHER" />
137            </intent-filter>
138            <intent-filter>
139                <action android:name="FLUTTER_NOTIFICATION_CLICK" />
140
141                <category android:name="android.intent.category.DEFAULT" />
141-->[com.google.firebase:firebase-auth:22.3.1] AndroidManifest.xml:38:17-76
141-->[com.google.firebase:firebase-auth:22.3.1] AndroidManifest.xml:38:27-73
142            </intent-filter>
143        </activity>
144        <!--
145             Don't delete the meta-data below.
146             This is used by the Flutter tool to generate GeneratedPluginRegistrant.java
147        -->
148        <meta-data
149            android:name="flutterEmbedding"
150            android:value="2" />
151
152        <service
153            android:name="org.jitsi.meet.sdk.ConnectionService"
154            android:exported="true"
155            android:permission="android.permission.BIND_TELECOM_CONNECTION_SERVICE" >
156            <intent-filter>
157                <action android:name="android.telecom.ConnectionService" />
158            </intent-filter>
159        </service>
160        <service
160-->[:cloud_firestore] AndroidManifest.xml:8:9-12:19
161            android:name="com.google.firebase.components.ComponentDiscoveryService"
161-->[:cloud_firestore] AndroidManifest.xml:8:18-89
162            android:directBootAware="true"
162-->[com.google.firebase:firebase-common:20.4.3] AndroidManifest.xml:32:13-43
163            android:exported="false" >
163-->[com.google.firebase:firebase-auth:22.3.1] AndroidManifest.xml:68:13-37
164            <meta-data
164-->[:cloud_firestore] AndroidManifest.xml:9:13-11:85
165                android:name="com.google.firebase.components:io.flutter.plugins.firebase.firestore.FlutterFirebaseFirestoreRegistrar"
165-->[:cloud_firestore] AndroidManifest.xml:10:17-134
166                android:value="com.google.firebase.components.ComponentRegistrar" />
166-->[:cloud_firestore] AndroidManifest.xml:11:17-82
167            <meta-data
167-->[:firebase_auth] AndroidManifest.xml:9:13-11:85
168                android:name="com.google.firebase.components:io.flutter.plugins.firebase.auth.FlutterFirebaseAuthRegistrar"
168-->[:firebase_auth] AndroidManifest.xml:10:17-124
169                android:value="com.google.firebase.components.ComponentRegistrar" />
169-->[:firebase_auth] AndroidManifest.xml:11:17-82
170            <meta-data
170-->[:firebase_crashlytics] AndroidManifest.xml:9:13-11:85
171                android:name="com.google.firebase.components:io.flutter.plugins.firebase.crashlytics.FlutterFirebaseAppRegistrar"
171-->[:firebase_crashlytics] AndroidManifest.xml:10:17-130
172                android:value="com.google.firebase.components.ComponentRegistrar" />
172-->[:firebase_crashlytics] AndroidManifest.xml:11:17-82
173            <meta-data
173-->[:firebase_messaging] AndroidManifest.xml:36:13-38:85
174                android:name="com.google.firebase.components:io.flutter.plugins.firebase.messaging.FlutterFirebaseAppRegistrar"
174-->[:firebase_messaging] AndroidManifest.xml:37:17-128
175                android:value="com.google.firebase.components.ComponentRegistrar" />
175-->[:firebase_messaging] AndroidManifest.xml:38:17-82
176            <meta-data
176-->[:firebase_remote_config] AndroidManifest.xml:9:13-11:85
177                android:name="com.google.firebase.components:io.flutter.plugins.firebase.firebaseremoteconfig.FlutterFirebaseAppRegistrar"
177-->[:firebase_remote_config] AndroidManifest.xml:10:17-139
178                android:value="com.google.firebase.components.ComponentRegistrar" />
178-->[:firebase_remote_config] AndroidManifest.xml:11:17-82
179            <meta-data
179-->[:firebase_storage] AndroidManifest.xml:9:13-11:85
180                android:name="com.google.firebase.components:io.flutter.plugins.firebase.storage.FlutterFirebaseAppRegistrar"
180-->[:firebase_storage] AndroidManifest.xml:10:17-126
181                android:value="com.google.firebase.components.ComponentRegistrar" />
181-->[:firebase_storage] AndroidManifest.xml:11:17-82
182            <meta-data
182-->[:firebase_core] AndroidManifest.xml:9:13-11:85
183                android:name="com.google.firebase.components:io.flutter.plugins.firebase.core.FlutterFirebaseCoreRegistrar"
183-->[:firebase_core] AndroidManifest.xml:10:17-124
184                android:value="com.google.firebase.components.ComponentRegistrar" />
184-->[:firebase_core] AndroidManifest.xml:11:17-82
185            <meta-data
185-->[com.google.firebase:firebase-auth:22.3.1] AndroidManifest.xml:69:13-71:85
186                android:name="com.google.firebase.components:com.google.firebase.auth.FirebaseAuthRegistrar"
186-->[com.google.firebase:firebase-auth:22.3.1] AndroidManifest.xml:70:17-109
187                android:value="com.google.firebase.components.ComponentRegistrar" />
187-->[com.google.firebase:firebase-auth:22.3.1] AndroidManifest.xml:71:17-82
188            <meta-data
188-->[com.google.firebase:firebase-firestore:24.11.0] AndroidManifest.xml:17:13-19:85
189                android:name="com.google.firebase.components:com.google.firebase.firestore.FirebaseFirestoreKtxRegistrar"
189-->[com.google.firebase:firebase-firestore:24.11.0] AndroidManifest.xml:18:17-122
190                android:value="com.google.firebase.components.ComponentRegistrar" />
190-->[com.google.firebase:firebase-firestore:24.11.0] AndroidManifest.xml:19:17-82
191            <meta-data
191-->[com.google.firebase:firebase-firestore:24.11.0] AndroidManifest.xml:20:13-22:85
192                android:name="com.google.firebase.components:com.google.firebase.firestore.FirestoreRegistrar"
192-->[com.google.firebase:firebase-firestore:24.11.0] AndroidManifest.xml:21:17-111
193                android:value="com.google.firebase.components.ComponentRegistrar" />
193-->[com.google.firebase:firebase-firestore:24.11.0] AndroidManifest.xml:22:17-82
194            <meta-data
194-->[com.google.firebase:firebase-messaging:23.4.1] AndroidManifest.xml:57:13-59:85
195                android:name="com.google.firebase.components:com.google.firebase.messaging.FirebaseMessagingKtxRegistrar"
195-->[com.google.firebase:firebase-messaging:23.4.1] AndroidManifest.xml:58:17-122
196                android:value="com.google.firebase.components.ComponentRegistrar" />
196-->[com.google.firebase:firebase-messaging:23.4.1] AndroidManifest.xml:59:17-82
197            <meta-data
197-->[com.google.firebase:firebase-messaging:23.4.1] AndroidManifest.xml:60:13-62:85
198                android:name="com.google.firebase.components:com.google.firebase.messaging.FirebaseMessagingRegistrar"
198-->[com.google.firebase:firebase-messaging:23.4.1] AndroidManifest.xml:61:17-119
199                android:value="com.google.firebase.components.ComponentRegistrar" />
199-->[com.google.firebase:firebase-messaging:23.4.1] AndroidManifest.xml:62:17-82
200            <meta-data
200-->[com.google.firebase:firebase-storage:20.3.0] AndroidManifest.xml:30:13-32:85
201                android:name="com.google.firebase.components:com.google.firebase.storage.FirebaseStorageKtxRegistrar"
201-->[com.google.firebase:firebase-storage:20.3.0] AndroidManifest.xml:31:17-118
202                android:value="com.google.firebase.components.ComponentRegistrar" />
202-->[com.google.firebase:firebase-storage:20.3.0] AndroidManifest.xml:32:17-82
203            <meta-data
203-->[com.google.firebase:firebase-storage:20.3.0] AndroidManifest.xml:33:13-35:85
204                android:name="com.google.firebase.components:com.google.firebase.storage.StorageRegistrar"
204-->[com.google.firebase:firebase-storage:20.3.0] AndroidManifest.xml:34:17-107
205                android:value="com.google.firebase.components.ComponentRegistrar" />
205-->[com.google.firebase:firebase-storage:20.3.0] AndroidManifest.xml:35:17-82
206            <meta-data
206-->[com.google.firebase:firebase-appcheck:17.1.2] AndroidManifest.xml:25:13-27:85
207                android:name="com.google.firebase.components:com.google.firebase.appcheck.FirebaseAppCheckKtxRegistrar"
207-->[com.google.firebase:firebase-appcheck:17.1.2] AndroidManifest.xml:26:17-120
208                android:value="com.google.firebase.components.ComponentRegistrar" />
208-->[com.google.firebase:firebase-appcheck:17.1.2] AndroidManifest.xml:27:17-82
209            <meta-data
209-->[com.google.firebase:firebase-appcheck:17.1.2] AndroidManifest.xml:28:13-30:85
210                android:name="com.google.firebase.components:com.google.firebase.appcheck.FirebaseAppCheckRegistrar"
210-->[com.google.firebase:firebase-appcheck:17.1.2] AndroidManifest.xml:29:17-117
211                android:value="com.google.firebase.components.ComponentRegistrar" />
211-->[com.google.firebase:firebase-appcheck:17.1.2] AndroidManifest.xml:30:17-82
212            <meta-data
212-->[com.google.firebase:firebase-config:21.6.3] AndroidManifest.xml:29:13-31:85
213                android:name="com.google.firebase.components:com.google.firebase.remoteconfig.FirebaseRemoteConfigKtxRegistrar"
213-->[com.google.firebase:firebase-config:21.6.3] AndroidManifest.xml:30:17-128
214                android:value="com.google.firebase.components.ComponentRegistrar" />
214-->[com.google.firebase:firebase-config:21.6.3] AndroidManifest.xml:31:17-82
215            <meta-data
215-->[com.google.firebase:firebase-config:21.6.3] AndroidManifest.xml:32:13-34:85
216                android:name="com.google.firebase.components:com.google.firebase.remoteconfig.RemoteConfigRegistrar"
216-->[com.google.firebase:firebase-config:21.6.3] AndroidManifest.xml:33:17-117
217                android:value="com.google.firebase.components.ComponentRegistrar" />
217-->[com.google.firebase:firebase-config:21.6.3] AndroidManifest.xml:34:17-82
218            <meta-data
218-->[com.google.firebase:firebase-crashlytics:18.6.3] AndroidManifest.xml:15:13-17:85
219                android:name="com.google.firebase.components:com.google.firebase.crashlytics.FirebaseCrashlyticsKtxRegistrar"
219-->[com.google.firebase:firebase-crashlytics:18.6.3] AndroidManifest.xml:16:17-126
220                android:value="com.google.firebase.components.ComponentRegistrar" />
220-->[com.google.firebase:firebase-crashlytics:18.6.3] AndroidManifest.xml:17:17-82
221            <meta-data
221-->[com.google.firebase:firebase-crashlytics:18.6.3] AndroidManifest.xml:18:13-20:85
222                android:name="com.google.firebase.components:com.google.firebase.crashlytics.CrashlyticsRegistrar"
222-->[com.google.firebase:firebase-crashlytics:18.6.3] AndroidManifest.xml:19:17-115
223                android:value="com.google.firebase.components.ComponentRegistrar" />
223-->[com.google.firebase:firebase-crashlytics:18.6.3] AndroidManifest.xml:20:17-82
224            <meta-data
224-->[com.google.firebase:firebase-sessions:1.2.3] AndroidManifest.xml:29:13-31:85
225                android:name="com.google.firebase.components:com.google.firebase.sessions.FirebaseSessionsRegistrar"
225-->[com.google.firebase:firebase-sessions:1.2.3] AndroidManifest.xml:30:17-117
226                android:value="com.google.firebase.components.ComponentRegistrar" />
226-->[com.google.firebase:firebase-sessions:1.2.3] AndroidManifest.xml:31:17-82
227            <meta-data
227-->[com.google.firebase:firebase-installations:17.2.0] AndroidManifest.xml:15:13-17:85
228                android:name="com.google.firebase.components:com.google.firebase.installations.FirebaseInstallationsKtxRegistrar"
228-->[com.google.firebase:firebase-installations:17.2.0] AndroidManifest.xml:16:17-130
229                android:value="com.google.firebase.components.ComponentRegistrar" />
229-->[com.google.firebase:firebase-installations:17.2.0] AndroidManifest.xml:17:17-82
230            <meta-data
230-->[com.google.firebase:firebase-installations:17.2.0] AndroidManifest.xml:18:13-20:85
231                android:name="com.google.firebase.components:com.google.firebase.installations.FirebaseInstallationsRegistrar"
231-->[com.google.firebase:firebase-installations:17.2.0] AndroidManifest.xml:19:17-127
232                android:value="com.google.firebase.components.ComponentRegistrar" />
232-->[com.google.firebase:firebase-installations:17.2.0] AndroidManifest.xml:20:17-82
233            <meta-data
233-->[com.google.firebase:firebase-common-ktx:20.4.3] AndroidManifest.xml:12:13-14:85
234                android:name="com.google.firebase.components:com.google.firebase.ktx.FirebaseCommonLegacyRegistrar"
234-->[com.google.firebase:firebase-common-ktx:20.4.3] AndroidManifest.xml:13:17-116
235                android:value="com.google.firebase.components.ComponentRegistrar" />
235-->[com.google.firebase:firebase-common-ktx:20.4.3] AndroidManifest.xml:14:17-82
236            <meta-data
236-->[com.google.firebase:firebase-common:20.4.3] AndroidManifest.xml:35:13-37:85
237                android:name="com.google.firebase.components:com.google.firebase.FirebaseCommonKtxRegistrar"
237-->[com.google.firebase:firebase-common:20.4.3] AndroidManifest.xml:36:17-109
238                android:value="com.google.firebase.components.ComponentRegistrar" />
238-->[com.google.firebase:firebase-common:20.4.3] AndroidManifest.xml:37:17-82
239            <meta-data
239-->[com.google.firebase:firebase-abt:21.1.1] AndroidManifest.xml:12:13-14:85
240                android:name="com.google.firebase.components:com.google.firebase.abt.component.AbtRegistrar"
240-->[com.google.firebase:firebase-abt:21.1.1] AndroidManifest.xml:13:17-109
241                android:value="com.google.firebase.components.ComponentRegistrar" />
241-->[com.google.firebase:firebase-abt:21.1.1] AndroidManifest.xml:14:17-82
242            <meta-data
242-->[com.google.firebase:firebase-datatransport:18.1.8] AndroidManifest.xml:27:13-29:85
243                android:name="com.google.firebase.components:com.google.firebase.datatransport.TransportRegistrar"
243-->[com.google.firebase:firebase-datatransport:18.1.8] AndroidManifest.xml:28:17-115
244                android:value="com.google.firebase.components.ComponentRegistrar" />
244-->[com.google.firebase:firebase-datatransport:18.1.8] AndroidManifest.xml:29:17-82
245        </service>
246        <service
246-->[:firebase_messaging] AndroidManifest.xml:14:9-17:72
247            android:name="com.example.firebase_messaging.FlutterFirebaseMessagingBackgroundService"
247-->[:firebase_messaging] AndroidManifest.xml:15:13-100
248            android:exported="false"
248-->[:firebase_messaging] AndroidManifest.xml:16:13-37
249            android:permission="android.permission.BIND_JOB_SERVICE" />
249-->[:firebase_messaging] AndroidManifest.xml:17:13-69
250        <service
250-->[:firebase_messaging] AndroidManifest.xml:18:9-24:19
251            android:name="com.example.firebase_messaging.FlutterFirebaseMessagingService"
251-->[:firebase_messaging] AndroidManifest.xml:19:13-90
252            android:exported="false" >
252-->[:firebase_messaging] AndroidManifest.xml:20:13-37
253            <intent-filter>
253-->[:firebase_messaging] AndroidManifest.xml:21:13-23:29
254                <action android:name="com.google.firebase.MESSAGING_EVENT" />
254-->[:firebase_messaging] AndroidManifest.xml:22:17-78
254-->[:firebase_messaging] AndroidManifest.xml:22:25-75
255            </intent-filter>
256        </service>
257
258        <receiver
258-->[:firebase_messaging] AndroidManifest.xml:26:9-33:20
259            android:name="com.example.firebase_messaging.FlutterFirebaseMessagingReceiver"
259-->[:firebase_messaging] AndroidManifest.xml:27:13-91
260            android:exported="true"
260-->[:firebase_messaging] AndroidManifest.xml:28:13-36
261            android:permission="com.google.android.c2dm.permission.SEND" >